Diamonds-2
Hearts-2
Spades-2
Clubs-3
Diamonds-4
Hearts-4
Spades-4
Diamonds-5
Hearts-5
Clubs-6
Hearts-6
Spades-6
Clubs-8
Hearts-8
Spades-8
Diamonds-9
Spades-9
Clubs-10
Clubs-J
Diamonds-J
Spades-J
Clubs-Q
Diamonds-Q
Hearts-Q
Diamonds-K
Spades-K
Clubs-A
Diamonds-A
Hearts-A
Spades-A
Clubs-3
Clubs-6
Clubs-8
Clubs-10
Clubs-J
Clubs-Q
Clubs-A
Diamonds-2
Diamonds-4
Diamonds-5
Diamonds-9
Diamonds-J
Diamonds-Q
Diamonds-K
Diamonds-A
Hearts-2
Hearts-4
Hearts-5
Hearts-6
Hearts-8
Hearts-Q
Hearts-A
Spades-2
Spades-4
Spades-6
Spades-8
Spades-9
Spades-J
Spades-K
Spades-A
